Release 14.7 - xst P.20131013 (nt64)
Copyright (c) 1995-2013 Xilinx, Inc.  All rights reserved.
--> Parameter TMPDIR set to xst/projnav.tmp


Total REAL time to Xst completion: 0.00 secs
Total CPU time to Xst completion: 0.14 secs
 
--> Parameter xsthdpdir set to xst


Total REAL time to Xst completion: 0.00 secs
Total CPU time to Xst completion: 0.14 secs
 
--> Reading design: cmt5.prj

TABLE OF CONTENTS
  1) Synthesis Options Summary
  2) HDL Parsing
  3) HDL Elaboration
  4) HDL Synthesis
       4.1) HDL Synthesis Report
  5) Advanced HDL Synthesis
       5.1) Advanced HDL Synthesis Report
  6) Low Level Synthesis
  7) Partition Report
  8) Design Summary
       8.1) Primitive and Black Box Usage
       8.2) Device utilization summary
       8.3) Partition Resource Summary
       8.4) Timing Report
            8.4.1) Clock Information
            8.4.2) Asynchronous Control Signals Information
            8.4.3) Timing Summary
            8.4.4) Timing Details
            8.4.5) Cross Clock Domains Report


=========================================================================
*                      Synthesis Options Summary                        *
=========================================================================
---- Source Parameters
Input File Name                    : "cmt5.prj"
Ignore Synthesis Constraint File   : NO

---- Target Parameters
Output File Name                   : "cmt5"
Output Format                      : NGC
Target Device                      : xc7a100t-3-csg324

---- Source Options
Top Module Name                    : cmt5
Automatic FSM Extraction           : YES
FSM Encoding Algorithm             : Auto
Safe Implementation                : No
FSM Style                          : LUT
RAM Extraction                     : Yes
RAM Style                          : Auto
ROM Extraction                     : Yes
Shift Register Extraction          : YES
ROM Style                          : Auto
Resource Sharing                   : YES
Asynchronous To Synchronous        : NO
Shift Register Minimum Size        : 2
Use DSP Block                      : Auto
Automatic Register Balancing       : No

---- Target Options
LUT Combining                      : Auto
Reduce Control Sets                : Auto
Add IO Buffers                     : YES
Global Maximum Fanout              : 100000
Add Generic Clock Buffer(BUFG)     : 32
Register Duplication               : YES
Optimize Instantiated Primitives   : NO
Use Clock Enable                   : Auto
Use Synchronous Set                : Auto
Use Synchronous Reset              : Auto
Pack IO Registers into IOBs        : Auto
Equivalent register Removal        : YES

---- General Options
Optimization Goal                  : Speed
Optimization Effort                : 1
Power Reduction                    : NO
Keep Hierarchy                     : No
Netlist Hierarchy                  : As_Optimized
RTL Output                         : Yes
Global Optimization                : AllClockNets
Read Cores                         : YES
Write Timing Constraints           : NO
Cross Clock Analysis               : NO
Hierarchy Separator                : /
Bus Delimiter                      : <>
Case Specifier                     : Maintain
Slice Utilization Ratio            : 100
BRAM Utilization Ratio             : 100
DSP48 Utilization Ratio            : 100
Auto BRAM Packing                  : NO
Slice Utilization Ratio Delta      : 5

---- Other Options
Cores Search Directories           : {"ipcore_dir"  }

=========================================================================


=========================================================================
*                          HDL Parsing                                  *
=========================================================================
Analyzing Verilog file "D:\cmt4\ipcore_dir\cmt5.v" into library work
Parsing module <cmt5>.

=========================================================================
*                            HDL Elaboration                            *
=========================================================================

Elaborating module <cmt5>.

Elaborating module <IBUFG>.

Elaborating module <MMCME2_ADV(BANDWIDTH="OPTIMIZED",CLKOUT4_CASCADE="FALSE",COMPENSATION="ZHOLD",STARTUP_WAIT="FALSE",DIVCLK_DIVIDE=1,CLKFBOUT_MULT_F=10.0,CLKFBOUT_PHASE=0.0,CLKFBOUT_USE_FINE_PS="FALSE",CLKOUT0_DIVIDE_F=10.0,CLKOUT0_PHASE=0.0,CLKOUT0_DUTY_CYCLE=0.5,CLKOUT0_USE_FINE_PS="FALSE",CLKOUT1_DIVIDE=10,CLKOUT1_PHASE=0.0,CLKOUT1_DUTY_CYCLE=0.25,CLKOUT1_USE_FINE_PS="FALSE",CLKOUT2_DIVIDE=10,CLKOUT2_PHASE=180.0,CLKOUT2_DUTY_CYCLE=0.25,CLKOUT2_USE_FINE_PS="FALSE",CLKIN1_PERIOD=10.0,REF_JITTER1=0.01)>.
WARNING:HDLCompiler:1127 - "D:\cmt4\ipcore_dir\cmt5.v" Line 137: Assignment to clkfboutb_unused ignored, since the identifier is never used
WARNING:HDLCompiler:1127 - "D:\cmt4\ipcore_dir\cmt5.v" Line 139: Assignment to clkout0b_unused ignored, since the identifier is never used
WARNING:HDLCompiler:1127 - "D:\cmt4\ipcore_dir\cmt5.v" Line 141: Assignment to clkout1b_unused ignored, since the identifier is never used
WARNING:HDLCompiler:1127 - "D:\cmt4\ipcore_dir\cmt5.v" Line 143: Assignment to clkout2b_unused ignored, since the identifier is never used
WARNING:HDLCompiler:1127 - "D:\cmt4\ipcore_dir\cmt5.v" Line 144: Assignment to clkout3_unused ignored, since the identifier is never used
WARNING:HDLCompiler:1127 - "D:\cmt4\ipcore_dir\cmt5.v" Line 145: Assignment to clkout3b_unused ignored, since the identifier is never used
WARNING:HDLCompiler:1127 - "D:\cmt4\ipcore_dir\cmt5.v" Line 146: Assignment to clkout4_unused ignored, since the identifier is never used
WARNING:HDLCompiler:1127 - "D:\cmt4\ipcore_dir\cmt5.v" Line 147: Assignment to clkout5_unused ignored, since the identifier is never used
WARNING:HDLCompiler:1127 - "D:\cmt4\ipcore_dir\cmt5.v" Line 148: Assignment to clkout6_unused ignored, since the identifier is never used
WARNING:HDLCompiler:1127 - "D:\cmt4\ipcore_dir\cmt5.v" Line 160: Assignment to do_unused ignored, since the identifier is never used
WARNING:HDLCompiler:1127 - "D:\cmt4\ipcore_dir\cmt5.v" Line 161: Assignment to drdy_unused ignored, since the identifier is never used
WARNING:HDLCompiler:1127 - "D:\cmt4\ipcore_dir\cmt5.v" Line 167: Assignment to psdone_unused ignored, since the identifier is never used
WARNING:HDLCompiler:1127 - "D:\cmt4\ipcore_dir\cmt5.v" Line 170: Assignment to clkinstopped_unused ignored, since the identifier is never used
WARNING:HDLCompiler:1127 - "D:\cmt4\ipcore_dir\cmt5.v" Line 171: Assignment to clkfbstopped_unused ignored, since the identifier is never used

Elaborating module <BUFG>.

=========================================================================
*                           HDL Synthesis                               *
=========================================================================

Synthesizing Unit <cmt5>.
    Related source file is "D:\cmt4\ipcore_dir\cmt5.v".
    Summary:
	no macro.
Unit <cmt5> synthesized.

=========================================================================
HDL Synthesis Report

Found no macro
=========================================================================

=========================================================================
*                       Advanced HDL Synthesis                          *
=========================================================================


=========================================================================
Advanced HDL Synthesis Report

Found no macro
=========================================================================

=========================================================================
*                         Low Level Synthesis                           *
=========================================================================

Optimizing unit <cmt5> ...

Mapping all equations...
Building and optimizing final netlist ...
Found area constraint ratio of 100 (+ 5) on block cmt5, actual ratio is 0.

Final Macro Processing ...

=========================================================================
Final Register Report

Found no macro
=========================================================================

=========================================================================
*                           Partition Report                            *
=========================================================================

Partition Implementation Status
-------------------------------

  No Partitions were found in this design.

-------------------------------

=========================================================================
*                            Design Summary                             *
=========================================================================

Top Level Output File Name         : cmt5.ngc

Primitive and Black Box Usage:
------------------------------
# BELS                             : 2
#      GND                         : 1
#      VCC                         : 1
# Clock Buffers                    : 4
#      BUFG                        : 4
# IO Buffers                       : 6
#      IBUF                        : 1
#      IBUFG                       : 1
#      OBUF                        : 4
# Others                           : 1
#      MMCME2_ADV                  : 1

Device utilization summary:
---------------------------

Selected Device : 7a100tcsg324-3 


Slice Logic Utilization: 

Slice Logic Distribution: 
 Number of LUT Flip Flop pairs used:      0
   Number with an unused Flip Flop:       0  out of      0         
   Number with an unused LUT:             0  out of      0         
   Number of fully used LUT-FF pairs:     0  out of      0         
   Number of unique control sets:         0

IO Utilization: 
 Number of IOs:                           6
 Number of bonded IOBs:                   6  out of    210     2%  

Specific Feature Utilization:
 Number of BUFG/BUFGCTRLs:                4  out of     32    12%  

---------------------------
Partition Resource Summary:
---------------------------

  No Partitions were found in this design.

---------------------------


=========================================================================
Timing Report

NOTE: THESE TIMING NUMBERS ARE ONLY A SYNTHESIS ESTIMATE.
      FOR ACCURATE TIMING INFORMATION PLEASE REFER TO THE TRACE REPORT
      GENERATED AFTER PLACE-and-ROUTE.

Clock Information:
------------------
No clock signals found in this design

Asynchronous Control Signals Information:
----------------------------------------
No asynchronous control signals found in this design

Timing Summary:
---------------
Speed Grade: -3

   Minimum period: No path found
   Minimum input arrival time before clock: No path found
   Maximum output required time after clock: No path found
   Maximum combinational path delay: 0.279ns

Timing Details:
---------------
All values displayed in nanoseconds (ns)

=========================================================================
Timing constraint: Default path analysis
  Total number of paths / destination ports: 3 / 3
-------------------------------------------------------------------------
Delay:               0.279ns (Levels of Logic = 1)
  Source:            mmcm_adv_inst:LOCKED (PAD)
  Destination:       LOCKED (PAD)

  Data Path: mmcm_adv_inst:LOCKED to LOCKED
                                Gate     Net
    Cell:in->out      fanout   Delay   Delay  Logical Name (Net Name)
    ----------------------------------------  ------------
    MMCME2_ADV:LOCKED      1   0.000   0.279  mmcm_adv_inst (LOCKED_OBUF)
     OBUF:I->O                 0.000          LOCKED_OBUF (LOCKED)
    ----------------------------------------
    Total                      0.279ns (0.000ns logic, 0.279ns route)
                                       (0.0% logic, 100.0% route)

=========================================================================

Cross Clock Domains Report:
--------------------------

=========================================================================


Total REAL time to Xst completion: 18.00 secs
Total CPU time to Xst completion: 18.29 secs
 
--> 

Total memory usage is 354416 kilobytes

Number of errors   :    0 (   0 filtered)
Number of warnings :   14 (   0 filtered)
Number of infos    :    0 (   0 filtered)

